<?xml version="1.0" encoding="UTF-8"?>
<testng-results skipped="0" failed="0" ignored="0" total="5" passed="5">
  <reporter-output>
    <line>
      <![CDATA[[INFO ] [2021-01-27 23:08:06,465] Precondition step 01: Input Username textbox with Admin
<br>]]>
    </line>
    <line>
      <![CDATA[[INFO ] [2021-01-27 23:08:10,363] Precondition step 02: Input Password textbox with admin123
<br>]]>
    </line>
    <line>
      <![CDATA[[INFO ] [2021-01-27 23:08:10,834] Precondition step 03: Click to Login button
<br>]]>
    </line>
    <line>
      <![CDATA[[INFO ] [2021-01-27 23:08:20,410] Add Employee - Step 01: Open Page PIM
<br>]]>
    </line>
    <line>
      <![CDATA[[INFO ] [2021-01-27 23:08:22,878] Add Employee - Step 02: Click to add btn
<br>]]>
    </line>
    <line>
      <![CDATA[[INFO ] [2021-01-27 23:08:24,320] Add Employee - Step 03: Input to FirstName with Bui
<br>]]>
    </line>
    <line>
      <![CDATA[[INFO ] [2021-01-27 23:08:24,693] Add Employee - Step 04:Input to MiddleName with Nhat
<br>]]>
    </line>
    <line>
      <![CDATA[[INFO ] [2021-01-27 23:08:24,958] Add Employee - Step 05: Input to LastName with Ha325
<br>]]>
    </line>
    <line>
      <![CDATA[[INFO ] [2021-01-27 23:08:25,198] Add Employee - Step 06: Get employee Id
<br>]]>
    </line>
    <line>
      <![CDATA[[INFO ] [2021-01-27 23:08:25,286] Add Employee - Step 07: Upload avatar
<br>]]>
    </line>
    <line>
      <![CDATA[[INFO ] [2021-01-27 23:08:25,368] Add Employee - Step 08: Click to save btn
<br>]]>
    </line>
    <line>
      <![CDATA[[INFO ] [2021-01-27 23:08:29,499] Add Employee - Step 09: Verify fullname header
<br>]]>
    </line>
    <line>
      <![CDATA[[INFO ] [2021-01-27 23:08:29,621]  -------------------------- PASSED -------------------------- 
<br>]]>
    </line>
    <line>
      <![CDATA[[INFO ] [2021-01-27 23:08:29,669] Add Employee - Step 10: Verify FirstNameBui
<br>]]>
    </line>
    <line>
      <![CDATA[[INFO ] [2021-01-27 23:08:29,771]  -------------------------- PASSED -------------------------- 
<br>]]>
    </line>
    <line>
      <![CDATA[[INFO ] [2021-01-27 23:08:29,771] Add Employee - Step 11: Verify MiddleNameNhat
<br>]]>
    </line>
    <line>
      <![CDATA[[INFO ] [2021-01-27 23:08:29,873]  -------------------------- PASSED -------------------------- 
<br>]]>
    </line>
    <line>
      <![CDATA[[INFO ] [2021-01-27 23:08:29,873] Add Employee - Step 12: Verify LastNameHa325
<br>]]>
    </line>
    <line>
      <![CDATA[[INFO ] [2021-01-27 23:08:29,964]  -------------------------- PASSED -------------------------- 
<br>]]>
    </line>
    <line>
      <![CDATA[[INFO ] [2021-01-27 23:08:29,964] Add Employee - Step 13: Verify EmployeeID0250
<br>]]>
    </line>
    <line>
      <![CDATA[[INFO ] [2021-01-27 23:08:30,057]  -------------------------- PASSED -------------------------- 
<br>]]>
    </line>
  </reporter-output>
  <suite name="Orange HRM User" duration-ms="99542" started-at="2021-01-27T16:06:52Z" finished-at="2021-01-27T16:08:32Z">
    <groups>
    </groups>
    <test name="Run on CHROME UI" duration-ms="99542" started-at="2021-01-27T16:06:52Z" finished-at="2021-01-27T16:08:32Z">
      <class name="com.orangehrm.employee.Employee_01_Add_Edit_Employee_User">
        <test-method status="PASS" signature="beforeClass(java.lang.String, java.lang.String)[pri:0, instance:com.orangehrm.employee.Employee_01_Add_Edit_Employee_User@10b3df93]" name="beforeClass" is-config="true" duration-ms="86850" started-at="2021-01-27T16:06:53Z" finished-at="2021-01-27T16:08:19Z">
          <params>
            <param index="0">
              <value>
                <![CDATA[chrome_ui]]>
              </value>
            </param>
            <param index="1">
              <value>
                <![CDATA[https://opensource-demo.orangehrmlive.com/]]>
              </value>
            </param>
          </params>
          <reporter-output>
            <line>
              <![CDATA[[INFO ] [2021-01-27 23:08:06,465] Precondition step 01: Input Username textbox with Admin
<br>]]>
            </line>
            <line>
              <![CDATA[[INFO ] [2021-01-27 23:08:10,363] Precondition step 02: Input Password textbox with admin123
<br>]]>
            </line>
            <line>
              <![CDATA[[INFO ] [2021-01-27 23:08:10,834] Precondition step 03: Click to Login button
<br>]]>
            </line>
          </reporter-output>
        </test-method> <!-- beforeClass -->
        <test-method status="PASS" signature="Employee_01_Add_Employee()[pri:0, instance:com.orangehrm.employee.Employee_01_Add_Edit_Employee_User@10b3df93]" name="Employee_01_Add_Employee" duration-ms="10109" started-at="2021-01-27T16:08:19Z" finished-at="2021-01-27T16:08:30Z">
          <reporter-output>
            <line>
              <![CDATA[[INFO ] [2021-01-27 23:08:20,410] Add Employee - Step 01: Open Page PIM
<br>]]>
            </line>
            <line>
              <![CDATA[[INFO ] [2021-01-27 23:08:22,878] Add Employee - Step 02: Click to add btn
<br>]]>
            </line>
            <line>
              <![CDATA[[INFO ] [2021-01-27 23:08:24,320] Add Employee - Step 03: Input to FirstName with Bui
<br>]]>
            </line>
            <line>
              <![CDATA[[INFO ] [2021-01-27 23:08:24,693] Add Employee - Step 04:Input to MiddleName with Nhat
<br>]]>
            </line>
            <line>
              <![CDATA[[INFO ] [2021-01-27 23:08:24,958] Add Employee - Step 05: Input to LastName with Ha325
<br>]]>
            </line>
            <line>
              <![CDATA[[INFO ] [2021-01-27 23:08:25,198] Add Employee - Step 06: Get employee Id
<br>]]>
            </line>
            <line>
              <![CDATA[[INFO ] [2021-01-27 23:08:25,286] Add Employee - Step 07: Upload avatar
<br>]]>
            </line>
            <line>
              <![CDATA[[INFO ] [2021-01-27 23:08:25,368] Add Employee - Step 08: Click to save btn
<br>]]>
            </line>
            <line>
              <![CDATA[[INFO ] [2021-01-27 23:08:29,499] Add Employee - Step 09: Verify fullname header
<br>]]>
            </line>
            <line>
              <![CDATA[[INFO ] [2021-01-27 23:08:29,621]  -------------------------- PASSED -------------------------- 
<br>]]>
            </line>
            <line>
              <![CDATA[[INFO ] [2021-01-27 23:08:29,669] Add Employee - Step 10: Verify FirstNameBui
<br>]]>
            </line>
            <line>
              <![CDATA[[INFO ] [2021-01-27 23:08:29,771]  -------------------------- PASSED -------------------------- 
<br>]]>
            </line>
            <line>
              <![CDATA[[INFO ] [2021-01-27 23:08:29,771] Add Employee - Step 11: Verify MiddleNameNhat
<br>]]>
            </line>
            <line>
              <![CDATA[[INFO ] [2021-01-27 23:08:29,873]  -------------------------- PASSED -------------------------- 
<br>]]>
            </line>
            <line>
              <![CDATA[[INFO ] [2021-01-27 23:08:29,873] Add Employee - Step 12: Verify LastNameHa325
<br>]]>
            </line>
            <line>
              <![CDATA[[INFO ] [2021-01-27 23:08:29,964]  -------------------------- PASSED -------------------------- 
<br>]]>
            </line>
            <line>
              <![CDATA[[INFO ] [2021-01-27 23:08:29,964] Add Employee - Step 13: Verify EmployeeID0250
<br>]]>
            </line>
            <line>
              <![CDATA[[INFO ] [2021-01-27 23:08:30,057]  -------------------------- PASSED -------------------------- 
<br>]]>
            </line>
          </reporter-output>
        </test-method> <!-- Employee_01_Add_Employee -->
        <test-method status="PASS" signature="Employee_07_Search_User()[pri:0, instance:com.orangehrm.employee.Employee_01_Add_Edit_Employee_User@10b3df93]" name="Employee_07_Search_User" duration-ms="5" started-at="2021-01-27T16:08:31Z" finished-at="2021-01-27T16:08:31Z">
          <reporter-output>
          </reporter-output>
        </test-method> <!-- Employee_07_Search_User -->
        <test-method status="PASS" signature="Employee_08_Delete_User()[pri:0, instance:com.orangehrm.employee.Employee_01_Add_Edit_Employee_User@10b3df93]" name="Employee_08_Delete_User" duration-ms="4" started-at="2021-01-27T16:08:31Z" finished-at="2021-01-27T16:08:31Z">
          <reporter-output>
          </reporter-output>
        </test-method> <!-- Employee_08_Delete_User -->
        <test-method status="PASS" signature="Employee_09_Delete_User()[pri:0, instance:com.orangehrm.employee.Employee_01_Add_Edit_Employee_User@10b3df93]" name="Employee_09_Delete_User" duration-ms="4" started-at="2021-01-27T16:08:32Z" finished-at="2021-01-27T16:08:32Z">
          <reporter-output>
          </reporter-output>
        </test-method> <!-- Employee_09_Delete_User -->
        <test-method status="PASS" signature="Employee_10_Search_Employee()[pri:0, instance:com.orangehrm.employee.Employee_01_Add_Edit_Employee_User@10b3df93]" name="Employee_10_Search_Employee" duration-ms="3" started-at="2021-01-27T16:08:32Z" finished-at="2021-01-27T16:08:32Z">
          <reporter-output>
          </reporter-output>
        </test-method> <!-- Employee_10_Search_Employee -->
        <test-method status="PASS" signature="afterClass()[pri:0, instance:com.orangehrm.employee.Employee_01_Add_Edit_Employee_User@10b3df93]" name="afterClass" is-config="true" duration-ms="2" started-at="2021-01-27T16:08:32Z" finished-at="2021-01-27T16:08:32Z">
          <reporter-output>
          </reporter-output>
        </test-method> <!-- afterClass -->
      </class> <!-- com.orangehrm.employee.Employee_01_Add_Edit_Employee_User -->
    </test> <!-- Run on CHROME UI -->
  </suite> <!-- Orange HRM User -->
</testng-results>
