<?xml version="1.0" encoding="UTF-8"?>
<testng-results skipped="0" failed="0" ignored="0" total="5" passed="5">
  <reporter-output>
    <line>
      <![CDATA[[INFO ] [2021-01-28 05:38:44,265] Precondition step 01: Input Username textbox with Admin
<br>]]>
    </line>
    <line>
      <![CDATA[[INFO ] [2021-01-28 05:38:45,564] Precondition step 02: Input Password textbox with admin123
<br>]]>
    </line>
    <line>
      <![CDATA[[INFO ] [2021-01-28 05:38:45,883] Precondition step 03: Click to Login button
<br>]]>
    </line>
    <line>
      <![CDATA[[INFO ] [2021-01-28 05:38:51,575] Add Employee - Step 01: Open Page PIM
<br>]]>
    </line>
    <line>
      <![CDATA[[INFO ] [2021-01-28 05:38:54,424] Add Employee - Step 02: Click to add btn
<br>]]>
    </line>
    <line>
      <![CDATA[[INFO ] [2021-01-28 05:38:55,727] Add Employee - Step 03: Input to FirstName with Bui
<br>]]>
    </line>
    <line>
      <![CDATA[[INFO ] [2021-01-28 05:38:56,165] Add Employee - Step 04:Input to MiddleName with Nhat
<br>]]>
    </line>
    <line>
      <![CDATA[[INFO ] [2021-01-28 05:38:56,420] Add Employee - Step 05: Input to LastName with Ha344
<br>]]>
    </line>
    <line>
      <![CDATA[[INFO ] [2021-01-28 05:38:56,682] Add Employee - Step 06: Get employee Id
<br>]]>
    </line>
    <line>
      <![CDATA[[INFO ] [2021-01-28 05:38:56,772] Add Employee - Step 07: Upload avatar
<br>]]>
    </line>
    <line>
      <![CDATA[[INFO ] [2021-01-28 05:38:57,173] Add Employee - Step 08: Click to save btn
<br>]]>
    </line>
    <line>
      <![CDATA[[INFO ] [2021-01-28 05:39:00,774] Add Employee - Step 09: Verify fullname header
<br>]]>
    </line>
    <line>
      <![CDATA[[INFO ] [2021-01-28 05:39:00,879]  -------------------------- PASSED -------------------------- 
<br>]]>
    </line>
    <line>
      <![CDATA[[INFO ] [2021-01-28 05:39:00,893] Add Employee - Step 10: Verify FirstNameBui
<br>]]>
    </line>
    <line>
      <![CDATA[[INFO ] [2021-01-28 05:39:00,996]  -------------------------- PASSED -------------------------- 
<br>]]>
    </line>
    <line>
      <![CDATA[[INFO ] [2021-01-28 05:39:00,996] Add Employee - Step 11: Verify MiddleNameNhat
<br>]]>
    </line>
    <line>
      <![CDATA[[INFO ] [2021-01-28 05:39:01,093]  -------------------------- PASSED -------------------------- 
<br>]]>
    </line>
    <line>
      <![CDATA[[INFO ] [2021-01-28 05:39:01,094] Add Employee - Step 12: Verify LastNameHa344
<br>]]>
    </line>
    <line>
      <![CDATA[[INFO ] [2021-01-28 05:39:01,182]  -------------------------- PASSED -------------------------- 
<br>]]>
    </line>
    <line>
      <![CDATA[[INFO ] [2021-01-28 05:39:01,182] Add Employee - Step 13: Verify EmployeeID0248
<br>]]>
    </line>
    <line>
      <![CDATA[[INFO ] [2021-01-28 05:39:01,284]  -------------------------- PASSED -------------------------- 
<br>]]>
    </line>
    <line>
      <![CDATA[[INFO ] [2021-01-28 05:39:02,417] OS name = windows 10
<br>]]>
    </line>
    <line>
      <![CDATA[[INFO ] [2021-01-28 05:39:05,230] ---------- QUIT BROWSER SUCCESS ----------
<br>]]>
    </line>
  </reporter-output>
  <suite name="Orange HRM User" duration-ms="99648" started-at="2021-01-27T22:37:25Z" finished-at="2021-01-27T22:39:05Z">
    <groups>
    </groups>
    <test name="Run on CHROME UI" duration-ms="99648" started-at="2021-01-27T22:37:25Z" finished-at="2021-01-27T22:39:05Z">
      <class name="com.orangehrm.employee.Employee_01_Add_Edit_Employee_User">
        <test-method status="PASS" signature="beforeClass(java.lang.String, java.lang.String)[pri:0, instance:com.orangehrm.employee.Employee_01_Add_Edit_Employee_User@3fabf088]" name="beforeClass" is-config="true" duration-ms="85273" started-at="2021-01-27T22:37:25Z" finished-at="2021-01-27T22:38:51Z">
          <params>
            <param index="0">
              <value>
                <![CDATA[chrome_ui]]>
              </value>
            </param>
            <param index="1">
              <value>
                <![CDATA[https://opensource-demo.orangehrmlive.com/]]>
              </value>
            </param>
          </params>
          <reporter-output>
            <line>
              <![CDATA[[INFO ] [2021-01-28 05:38:44,265] Precondition step 01: Input Username textbox with Admin
<br>]]>
            </line>
            <line>
              <![CDATA[[INFO ] [2021-01-28 05:38:45,564] Precondition step 02: Input Password textbox with admin123
<br>]]>
            </line>
            <line>
              <![CDATA[[INFO ] [2021-01-28 05:38:45,883] Precondition step 03: Click to Login button
<br>]]>
            </line>
          </reporter-output>
        </test-method> <!-- beforeClass -->
        <test-method status="PASS" signature="Employee_01_Add_Employee()[pri:0, instance:com.orangehrm.employee.Employee_01_Add_Edit_Employee_User@3fabf088]" name="Employee_01_Add_Employee" duration-ms="10098" started-at="2021-01-27T22:38:51Z" finished-at="2021-01-27T22:39:01Z">
          <reporter-output>
            <line>
              <![CDATA[[INFO ] [2021-01-28 05:38:51,575] Add Employee - Step 01: Open Page PIM
<br>]]>
            </line>
            <line>
              <![CDATA[[INFO ] [2021-01-28 05:38:54,424] Add Employee - Step 02: Click to add btn
<br>]]>
            </line>
            <line>
              <![CDATA[[INFO ] [2021-01-28 05:38:55,727] Add Employee - Step 03: Input to FirstName with Bui
<br>]]>
            </line>
            <line>
              <![CDATA[[INFO ] [2021-01-28 05:38:56,165] Add Employee - Step 04:Input to MiddleName with Nhat
<br>]]>
            </line>
            <line>
              <![CDATA[[INFO ] [2021-01-28 05:38:56,420] Add Employee - Step 05: Input to LastName with Ha344
<br>]]>
            </line>
            <line>
              <![CDATA[[INFO ] [2021-01-28 05:38:56,682] Add Employee - Step 06: Get employee Id
<br>]]>
            </line>
            <line>
              <![CDATA[[INFO ] [2021-01-28 05:38:56,772] Add Employee - Step 07: Upload avatar
<br>]]>
            </line>
            <line>
              <![CDATA[[INFO ] [2021-01-28 05:38:57,173] Add Employee - Step 08: Click to save btn
<br>]]>
            </line>
            <line>
              <![CDATA[[INFO ] [2021-01-28 05:39:00,774] Add Employee - Step 09: Verify fullname header
<br>]]>
            </line>
            <line>
              <![CDATA[[INFO ] [2021-01-28 05:39:00,879]  -------------------------- PASSED -------------------------- 
<br>]]>
            </line>
            <line>
              <![CDATA[[INFO ] [2021-01-28 05:39:00,893] Add Employee - Step 10: Verify FirstNameBui
<br>]]>
            </line>
            <line>
              <![CDATA[[INFO ] [2021-01-28 05:39:00,996]  -------------------------- PASSED -------------------------- 
<br>]]>
            </line>
            <line>
              <![CDATA[[INFO ] [2021-01-28 05:39:00,996] Add Employee - Step 11: Verify MiddleNameNhat
<br>]]>
            </line>
            <line>
              <![CDATA[[INFO ] [2021-01-28 05:39:01,093]  -------------------------- PASSED -------------------------- 
<br>]]>
            </line>
            <line>
              <![CDATA[[INFO ] [2021-01-28 05:39:01,094] Add Employee - Step 12: Verify LastNameHa344
<br>]]>
            </line>
            <line>
              <![CDATA[[INFO ] [2021-01-28 05:39:01,182]  -------------------------- PASSED -------------------------- 
<br>]]>
            </line>
            <line>
              <![CDATA[[INFO ] [2021-01-28 05:39:01,182] Add Employee - Step 13: Verify EmployeeID0248
<br>]]>
            </line>
            <line>
              <![CDATA[[INFO ] [2021-01-28 05:39:01,284]  -------------------------- PASSED -------------------------- 
<br>]]>
            </line>
          </reporter-output>
        </test-method> <!-- Employee_01_Add_Employee -->
        <test-method status="PASS" signature="Employee_07_Search_User()[pri:0, instance:com.orangehrm.employee.Employee_01_Add_Edit_Employee_User@3fabf088]" name="Employee_07_Search_User" duration-ms="3" started-at="2021-01-27T22:39:02Z" finished-at="2021-01-27T22:39:02Z">
          <reporter-output>
          </reporter-output>
        </test-method> <!-- Employee_07_Search_User -->
        <test-method status="PASS" signature="Employee_08_Delete_User()[pri:0, instance:com.orangehrm.employee.Employee_01_Add_Edit_Employee_User@3fabf088]" name="Employee_08_Delete_User" duration-ms="3" started-at="2021-01-27T22:39:02Z" finished-at="2021-01-27T22:39:02Z">
          <reporter-output>
          </reporter-output>
        </test-method> <!-- Employee_08_Delete_User -->
        <test-method status="PASS" signature="Employee_09_Delete_User()[pri:0, instance:com.orangehrm.employee.Employee_01_Add_Edit_Employee_User@3fabf088]" name="Employee_09_Delete_User" duration-ms="4" started-at="2021-01-27T22:39:02Z" finished-at="2021-01-27T22:39:02Z">
          <reporter-output>
          </reporter-output>
        </test-method> <!-- Employee_09_Delete_User -->
        <test-method status="PASS" signature="Employee_10_Search_Employee()[pri:0, instance:com.orangehrm.employee.Employee_01_Add_Edit_Employee_User@3fabf088]" name="Employee_10_Search_Employee" duration-ms="3" started-at="2021-01-27T22:39:02Z" finished-at="2021-01-27T22:39:02Z">
          <reporter-output>
          </reporter-output>
        </test-method> <!-- Employee_10_Search_Employee -->
        <test-method status="PASS" signature="afterClass()[pri:0, instance:com.orangehrm.employee.Employee_01_Add_Edit_Employee_User@3fabf088]" name="afterClass" is-config="true" duration-ms="2815" started-at="2021-01-27T22:39:02Z" finished-at="2021-01-27T22:39:05Z">
          <reporter-output>
            <line>
              <![CDATA[[INFO ] [2021-01-28 05:39:02,417] OS name = windows 10
<br>]]>
            </line>
            <line>
              <![CDATA[[INFO ] [2021-01-28 05:39:05,230] ---------- QUIT BROWSER SUCCESS ----------
<br>]]>
            </line>
          </reporter-output>
        </test-method> <!-- afterClass -->
      </class> <!-- com.orangehrm.employee.Employee_01_Add_Edit_Employee_User -->
    </test> <!-- Run on CHROME UI -->
  </suite> <!-- Orange HRM User -->
</testng-results>
